[debug] [2022-06-05T16:51:28.745Z] ----------------------------------------------------------------------
[debug] [2022-06-05T16:51:28.747Z] Command:       C:\Program Files\nodejs\node.exe C:\Users\22178\AppData\Roaming\npm\node_modules\firebase-tools\lib\bin\firebase.js init
[debug] [2022-06-05T16:51:28.747Z] CLI Version:   11.0.1
[debug] [2022-06-05T16:51:28.747Z] Platform:      win32
[debug] [2022-06-05T16:51:28.748Z] Node Version:  v16.15.0
[debug] [2022-06-05T16:51:28.749Z] Time:          Sun Jun 05 2022 16:51:28 GMT+0000 (heure moyenne de Greenwich)
[debug] [2022-06-05T16:51:28.749Z] ----------------------------------------------------------------------
[debug] 
[debug] [2022-06-05T16:51:28.753Z] >>> [apiv2][query] GET https://firebase-public.firebaseio.com/cli.json [none]
[debug] [2022-06-05T16:51:28.781Z] > command requires scopes: ["email","openid","https://www.googleapis.com/auth/cloudplatformprojects.readonly","https://www.googleapis.com/auth/firebase","https://www.googleapis.com/auth/cloud-platform"]
[debug] [2022-06-05T16:51:28.781Z] > authorizing via signed-in user (one007stone@gmail.com)
[info] 
     ######## #### ########  ######## ########     ###     ######  ########
     ##        ##  ##     ## ##       ##     ##  ##   ##  ##       ##
     ######    ##  ########  ######   ########  #########  ######  ######
     ##        ##  ##    ##  ##       ##     ## ##     ##       ## ##
     ##       #### ##     ## ######## ########  ##     ##  ######  ########

You're about to initialize a Firebase project in this directory:

  C:\Users\22178\Desktop\porfolio

[debug] [2022-06-05T16:51:32.911Z] <<< [apiv2][status] GET https://firebase-public.firebaseio.com/cli.json 200
[debug] [2022-06-05T16:51:32.912Z] <<< [apiv2][body] GET https://firebase-public.firebaseio.com/cli.json {"cloudBuildErrorAfter":1594252800000,"cloudBuildWarnAfter":1590019200000,"defaultNode10After":1594252800000,"minVersion":"3.0.5","node8DeploysDisabledAfter":1613390400000,"node8RuntimeDisabledAfter":1615809600000,"node8WarnAfter":1600128000000}
[info] 
=== Project Setup
[info] 
[info] First, let's associate this project directory with a Firebase project.
[info] You can create multiple project aliases by running firebase use --add, 
[info] but for now we'll just set up a default project.
[info] 
